2015/01/03 15:13:00 [warning] [application] Failed to set unsafe attribute "otherinfo" of "ReservationDetails".
in C:\wamp\www\res\protected\modules\openbooking\controllers\ReservationDetailsController.php (79)
in C:\wamp\www\res\index.php (13)
2015/01/03 15:15:32 [error] [php] Undefined variable: reservation (C:\wamp\www\res\protected\modules\openbooking\views\reservationDetails\view.php:21)
Stack trace:
#0 C:\wamp\www\framework\web\CController.php(869): ReservationDetailsController->renderFile()
#1 C:\wamp\www\framework\web\CController.php(782): ReservationDetailsController->renderPartial()
#2 C:\wamp\www\res\protected\modules\openbooking\controllers\ReservationDetailsController.php(55): ReservationDetailsController->render()
#3 unknown(0): ReservationDetailsController->actionView()
#4 C:\wamp\www\framework\web\actions\CAction.php(108): ReflectionMethod->invokeArgs()
#5 C:\wamp\www\framework\web\actions\CInlineAction.php(47): CInlineAction->runWithParamsInternal()
#6 C:\wamp\www\framework\web\CController.php(308): CInlineAction->runWithParams()
#7 C:\wamp\www\framework\web\filters\CFilterChain.php(133): ReservationDetailsController->runAction()
#8 C:\wamp\www\framework\web\filters\CFilter.php(40): CFilterChain->run()
#9 C:\wamp\www\framework\web\CController.php(1145): CAccessControlFilter->filter()
#10 C:\wamp\www\framework\web\filters\CInlineFilter.php(58): ReservationDetailsController->filterAccessControl()
#11 C:\wamp\www\framework\web\filters\CFilterChain.php(130): CInlineFilter->filter()
#12 C:\wamp\www\framework\web\CController.php(291): CFilterChain->run()
#13 C:\wamp\www\framework\web\CController.php(265): ReservationDetailsController->runActionWithFilters()
#14 C:\wamp\www\framework\web\CWebApplication.php(282): ReservationDetailsController->run()
#15 C:\wamp\www\framework\web\CWebApplication.php(141): CWebApplication->runController()
#16 C:\wamp\www\framework\base\CApplication.php(180): CWebApplication->processRequest()
#17 C:\wamp\www\res\index.php(13): CWebApplication->run()
REQUEST_URI=/res/index.php?r=openbooking/reservationDetails/view&id=1
in C:\wamp\www\res\protected\modules\openbooking\views\reservationDetails\view.php (21)
in C:\wamp\www\res\protected\modules\openbooking\controllers\ReservationDetailsController.php (55)
in C:\wamp\www\res\index.php (13)
2015/01/03 15:15:47 [error] [exception.CHttpException.404] exception 'CHttpException' with message 'Unable to resolve the request "openbooking".' in C:\wamp\www\framework\web\CWebApplication.php:286
Stack trace:
#0 C:\wamp\www\framework\web\CWebApplication.php(141): CWebApplication->runController('openbooking')
#1 C:\wamp\www\framework\base\CApplication.php(180): CWebApplication->processRequest()
#2 C:\wamp\www\res\index.php(13): CApplication->run()
#3 {main}
REQUEST_URI=/res/index.php?r=openbooking
---
2015/01/03 15:20:48 [warning] [application] Failed to set unsafe attribute "otherinfo" of "ReservationDetails".
in C:\wamp\www\res\protected\modules\openbooking\controllers\ReservationDetailsController.php (79)
in C:\wamp\www\res\index.php (13)
2015/01/03 15:22:23 [error] [php] Undefined variable: reservation (C:\wamp\www\res\protected\modules\openbooking\views\reservationDetails\view.php:21)
Stack trace:
#0 C:\wamp\www\framework\web\CController.php(869): ReservationDetailsController->renderFile()
#1 C:\wamp\www\framework\web\CController.php(782): ReservationDetailsController->renderPartial()
#2 C:\wamp\www\res\protected\modules\openbooking\controllers\ReservationDetailsController.php(55): ReservationDetailsController->render()
#3 unknown(0): ReservationDetailsController->actionView()
#4 C:\wamp\www\framework\web\actions\CAction.php(108): ReflectionMethod->invokeArgs()
#5 C:\wamp\www\framework\web\actions\CInlineAction.php(47): CInlineAction->runWithParamsInternal()
#6 C:\wamp\www\framework\web\CController.php(308): CInlineAction->runWithParams()
#7 C:\wamp\www\framework\web\filters\CFilterChain.php(133): ReservationDetailsController->runAction()
#8 C:\wamp\www\framework\web\filters\CFilter.php(40): CFilterChain->run()
#9 C:\wamp\www\framework\web\CController.php(1145): CAccessControlFilter->filter()
#10 C:\wamp\www\framework\web\filters\CInlineFilter.php(58): ReservationDetailsController->filterAccessControl()
#11 C:\wamp\www\framework\web\filters\CFilterChain.php(130): CInlineFilter->filter()
#12 C:\wamp\www\framework\web\CController.php(291): CFilterChain->run()
#13 C:\wamp\www\framework\web\CController.php(265): ReservationDetailsController->runActionWithFilters()
#14 C:\wamp\www\framework\web\CWebApplication.php(282): ReservationDetailsController->run()
#15 C:\wamp\www\framework\web\CWebApplication.php(141): CWebApplication->runController()
#16 C:\wamp\www\framework\base\CApplication.php(180): CWebApplication->processRequest()
#17 C:\wamp\www\res\index.php(13): CWebApplication->run()
REQUEST_URI=/res/index.php?r=openbooking/reservationDetails/view&id=1
in C:\wamp\www\res\protected\modules\openbooking\views\reservationDetails\view.php (21)
in C:\wamp\www\res\protected\modules\openbooking\controllers\ReservationDetailsController.php (55)
in C:\wamp\www\res\index.php (13)
2015/01/03 15:28:43 [warning] [application] Failed to set unsafe attribute "otherinfo" of "ReservationDetails".
in C:\wamp\www\res\protected\modules\openbooking\controllers\ReservationDetailsController.php (79)
in C:\wamp\www\res\index.php (13)
2015/01/03 15:32:34 [error] [exception.CException] exception 'CException' with message 'Alias "zii.widgets.CGridView" is invalid. Make sure it points to an existing PHP file and the file is readable.' in C:\wamp\www\framework\YiiBase.php:322
Stack trace:
#0 C:\wamp\www\framework\web\CWidgetFactory.php(146): YiiBase::import('zii.widgets.CGr...', true)
#1 C:\wamp\www\framework\web\CBaseController.php(146): CWidgetFactory->createWidget(Object(ReservationDetailsController), 'zii.widgets.CGr...', Array)
#2 C:\wamp\www\framework\web\CBaseController.php(172): CBaseController->createWidget('zii.widgets.CGr...', Array)
#3 C:\wamp\www\res\protected\modules\openbooking\views\reservationDetails\admin.php(61): CBaseController->widget('zii.widgets.CGr...', Array)
#4 C:\wamp\www\framework\web\CBaseController.php(126): require('C:\wamp\www\res...')
#5 C:\wamp\www\framework\web\CBaseController.php(95): CBaseController->renderInternal('C:\wamp\www\res...', Array, true)
#6 C:\wamp\www\framework\web\CController.php(869): CBaseController->renderFile('C:\wamp\www\res...', Array, true)
#7 C:\wamp\www\framework\web\CController.php(782): CController->renderPartial('admin', Array, true)
#8 C:\wamp\www\res\protected\modules\openbooking\controllers\ReservationDetailsController.php(166): CController->render('admin', Array)
#9 C:\wamp\www\framework\web\actions\CInlineAction.php(49): ReservationDetailsController->actionAdmin()
#10 C:\wamp\www\framework\web\CController.php(308): CInlineAction->runWithParams(Array)
#11 C:\wamp\www\framework\web\filters\CFilterChain.php(133): CController->runAction(Object(CInlineAction))
#12 C:\wamp\www\framework\web\filters\CFilter.php(40): CFilterChain->run()
#13 C:\wamp\www\framework\web\CController.php(1145): CFilter->filter(Object(CFilterChain))
#14 C:\wamp\www\framework\web\filters\CInlineFilter.php(58): CController->filterAccessControl(Object(CFilterChain))
#15 C:\wamp\www\framework\web\filters\CFilterChain.php(130): CInlineFilter->filter(Object(CFilterChain))
#16 C:\wamp\www\framework\web\CController.php(291): CFilterChain->run()
#17 C:\wamp\www\framework\web\CController.php(265): CController->runActionWithFilters(Object(CInlineAction), Array)
#18 C:\wamp\www\framework\web\CWebApplication.php(282): CController->run('admin')
#19 C:\wamp\www\framework\web\CWebApplication.php(141): CWebApplication->runController('openbooking/res...')
#20 C:\wamp\www\framework\base\CApplication.php(180): CWebApplication->processRequest()
#21 C:\wamp\www\res\index.php(13): CApplication->run()
#22 {main}
REQUEST_URI=/res/index.php?r=openbooking/reservationDetails/admin
HTTP_REFERER=http://localhost/res/index.php?r=site/login
---
2015/01/03 15:34:43 [error] [exception.CHttpException.404] exception 'CHttpException' with message 'Unable to resolve the request "openbooking/".' in C:\wamp\www\framework\web\CWebApplication.php:286
Stack trace:
#0 C:\wamp\www\framework\web\CWebApplication.php(141): CWebApplication->runController('openbooking/')
#1 C:\wamp\www\framework\base\CApplication.php(180): CWebApplication->processRequest()
#2 C:\wamp\www\res\index.php(13): CApplication->run()
#3 {main}
REQUEST_URI=/res/index.php?r=openbooking/
---
2015/01/04 12:28:20 [error] [exception.CException] exception 'CException' with message 'Property "TbButton.type" is not defined.' in C:\wamp\www\framework\base\CComponent.php:173
Stack trace:
#0 C:\wamp\www\framework\web\CWidgetFactory.php(161): CComponent->__set('type', 'primary')
#1 C:\wamp\www\framework\web\CBaseController.php(146): CWidgetFactory->createWidget(Object(SiteController), 'booster.widgets...', Array)
#2 C:\wamp\www\framework\web\CBaseController.php(172): CBaseController->createWidget('booster.widgets...', Array)
#3 C:\wamp\www\res\protected\views\site\index.php(22): CBaseController->widget('booster.widgets...', Array)
#4 C:\wamp\www\framework\web\CBaseController.php(126): require('C:\wamp\www\res...')
#5 C:\wamp\www\framework\web\CBaseController.php(95): CBaseController->renderInternal('C:\wamp\www\res...', NULL, true)
#6 C:\wamp\www\framework\web\CController.php(869): CBaseController->renderFile('C:\wamp\www\res...', NULL, true)
#7 C:\wamp\www\framework\web\CController.php(782): CController->renderPartial('index', NULL, true)
#8 C:\wamp\www\res\protected\controllers\SiteController.php(32): CController->render('index')
#9 C:\wamp\www\framework\web\actions\CInlineAction.php(49): SiteController->actionIndex()
#10 C:\wamp\www\framework\web\CController.php(308): CInlineAction->runWithParams(Array)
#11 C:\wamp\www\framework\web\CController.php(286): CController->runAction(Object(CInlineAction))
#12 C:\wamp\www\framework\web\CController.php(265): CController->runActionWithFilters(Object(CInlineAction), Array)
#13 C:\wamp\www\framework\web\CWebApplication.php(282): CController->run('')
#14 C:\wamp\www\framework\web\CWebApplication.php(141): CWebApplication->runController('')
#15 C:\wamp\www\framework\base\CApplication.php(180): CWebApplication->processRequest()
#16 C:\wamp\www\res\index.php(13): CApplication->run()
#17 {main}
REQUEST_URI=/res/index.php
HTTP_REFERER=http://localhost/res/index.php?r=site/index
---
2015/01/04 12:28:53 [error] [exception.CException] exception 'CException' with message 'Alias "bootstrap.widgets.TbButton" is invalid. Make sure it points to an existing directory or file.' in C:\wamp\www\framework\YiiBase.php:347
Stack trace:
#0 C:\wamp\www\framework\web\CWidgetFactory.php(146): YiiBase::import('bootstrap.widge...', true)
#1 C:\wamp\www\framework\web\CBaseController.php(146): CWidgetFactory->createWidget(Object(SiteController), 'bootstrap.widge...', Array)
#2 C:\wamp\www\framework\web\CBaseController.php(172): CBaseController->createWidget('bootstrap.widge...', Array)
#3 C:\wamp\www\res\protected\views\site\index.php(22): CBaseController->widget('bootstrap.widge...', Array)
#4 C:\wamp\www\framework\web\CBaseController.php(126): require('C:\wamp\www\res...')
#5 C:\wamp\www\framework\web\CBaseController.php(95): CBaseController->renderInternal('C:\wamp\www\res...', NULL, true)
#6 C:\wamp\www\framework\web\CController.php(869): CBaseController->renderFile('C:\wamp\www\res...', NULL, true)
#7 C:\wamp\www\framework\web\CController.php(782): CController->renderPartial('index', NULL, true)
#8 C:\wamp\www\res\protected\controllers\SiteController.php(32): CController->render('index')
#9 C:\wamp\www\framework\web\actions\CInlineAction.php(49): SiteController->actionIndex()
#10 C:\wamp\www\framework\web\CController.php(308): CInlineAction->runWithParams(Array)
#11 C:\wamp\www\framework\web\CController.php(286): CController->runAction(Object(CInlineAction))
#12 C:\wamp\www\framework\web\CController.php(265): CController->runActionWithFilters(Object(CInlineAction), Array)
#13 C:\wamp\www\framework\web\CWebApplication.php(282): CController->run('')
#14 C:\wamp\www\framework\web\CWebApplication.php(141): CWebApplication->runController('')
#15 C:\wamp\www\framework\base\CApplication.php(180): CWebApplication->processRequest()
#16 C:\wamp\www\res\index.php(13): CApplication->run()
#17 {main}
REQUEST_URI=/res/index.php
HTTP_REFERER=http://localhost/res/index.php?r=site/index
---
2015/01/04 12:31:26 [error] [exception.CException] exception 'CException' with message 'Property "TbButton.type" is not defined.' in C:\wamp\www\framework\base\CComponent.php:173
Stack trace:
#0 C:\wamp\www\framework\web\CWidgetFactory.php(161): CComponent->__set('type', 'primary')
#1 C:\wamp\www\framework\web\CBaseController.php(146): CWidgetFactory->createWidget(Object(SiteController), 'booster.widgets...', Array)
#2 C:\wamp\www\framework\web\CBaseController.php(172): CBaseController->createWidget('booster.widgets...', Array)
#3 C:\wamp\www\res\protected\views\site\index.php(22): CBaseController->widget('booster.widgets...', Array)
#4 C:\wamp\www\framework\web\CBaseController.php(126): require('C:\wamp\www\res...')
#5 C:\wamp\www\framework\web\CBaseController.php(95): CBaseController->renderInternal('C:\wamp\www\res...', NULL, true)
#6 C:\wamp\www\framework\web\CController.php(869): CBaseController->renderFile('C:\wamp\www\res...', NULL, true)
#7 C:\wamp\www\framework\web\CController.php(782): CController->renderPartial('index', NULL, true)
#8 C:\wamp\www\res\protected\controllers\SiteController.php(32): CController->render('index')
#9 C:\wamp\www\framework\web\actions\CInlineAction.php(49): SiteController->actionIndex()
#10 C:\wamp\www\framework\web\CController.php(308): CInlineAction->runWithParams(Array)
#11 C:\wamp\www\framework\web\CController.php(286): CController->runAction(Object(CInlineAction))
#12 C:\wamp\www\framework\web\CController.php(265): CController->runActionWithFilters(Object(CInlineAction), Array)
#13 C:\wamp\www\framework\web\CWebApplication.php(282): CController->run('')
#14 C:\wamp\www\framework\web\CWebApplication.php(141): CWebApplication->runController('')
#15 C:\wamp\www\framework\base\CApplication.php(180): CWebApplication->processRequest()
#16 C:\wamp\www\res\index.php(13): CApplication->run()
#17 {main}
REQUEST_URI=/res/index.php
HTTP_REFERER=http://localhost/res/index.php?r=site/index
---
